[2024-05-08T14:21:35.506+0000] {manager.py:470} INFO - Processing files using up to 1 processes at a time 
[2024-05-08T14:21:35.509+0000] {manager.py:471} INFO - Process each file at most once every 30 seconds
[2024-05-08T14:21:35.510+0000] {manager.py:472} INFO - Checking for new files in /opt/airflow/dags every 300 seconds
[2024-05-08T14:21:35.512+0000] {manager.py:737} INFO - Searching for files in /opt/airflow/dags
[2024-05-08T14:21:35.514+0000] {manager.py:740} INFO - There are 0 files in /opt/airflow/dags
[2024-05-08T14:26:36.644+0000] {manager.py:737} INFO - Searching for files in /opt/airflow/dags
[2024-05-08T14:26:36.667+0000] {manager.py:740} INFO - There are 0 files in /opt/airflow/dags
[2024-05-08T14:31:36.741+0000] {manager.py:737} INFO - Searching for files in /opt/airflow/dags
[2024-05-08T14:31:36.770+0000] {manager.py:740} INFO - There are 1 files in /opt/airflow/dags
[2024-05-08T14:31:49.033+0000] {manager.py:878} INFO - 
================================================================================
DAG File Processing Stats

File Path                       PID    Runtime      # DAGs    # Errors  Last Runtime    Last Run
------------------------------  -----  ---------  --------  ----------  --------------  -------------------
/opt/airflow/dags/test_dags.py                           1           0  0.93s           2024-05-08T14:31:37
================================================================================
[2024-05-08T14:32:19.484+0000] {manager.py:878} INFO - 
================================================================================
DAG File Processing Stats

File Path                       PID    Runtime      # DAGs    # Errors  Last Runtime    Last Run
------------------------------  -----  ---------  --------  ----------  --------------  -------------------
/opt/airflow/dags/test_dags.py                           1           0  0.20s           2024-05-08T14:32:08
================================================================================
[2024-05-08T14:32:49.960+0000] {manager.py:878} INFO - 
================================================================================
DAG File Processing Stats

File Path                       PID    Runtime      # DAGs    # Errors  Last Runtime    Last Run
------------------------------  -----  ---------  --------  ----------  --------------  -------------------
/opt/airflow/dags/test_dags.py                           1           0  0.20s           2024-05-08T14:32:38
================================================================================
[2024-05-08T14:33:20.452+0000] {manager.py:878} INFO - 
================================================================================
DAG File Processing Stats

File Path                       PID    Runtime      # DAGs    # Errors  Last Runtime    Last Run
------------------------------  -----  ---------  --------  ----------  --------------  -------------------
/opt/airflow/dags/test_dags.py                           1           0  0.20s           2024-05-08T14:33:09
================================================================================
[2024-05-08T14:33:50.747+0000] {manager.py:878} INFO - 
================================================================================
DAG File Processing Stats

File Path                       PID    Runtime      # DAGs    # Errors  Last Runtime    Last Run
------------------------------  -----  ---------  --------  ----------  --------------  -------------------
/opt/airflow/dags/test_dags.py                           1           0  0.20s           2024-05-08T14:33:39
================================================================================
[2024-05-08T14:34:21.283+0000] {manager.py:878} INFO - 
================================================================================
DAG File Processing Stats

File Path                       PID    Runtime      # DAGs    # Errors  Last Runtime    Last Run
------------------------------  -----  ---------  --------  ----------  --------------  -------------------
/opt/airflow/dags/test_dags.py                           1           0  0.20s           2024-05-08T14:34:10
================================================================================
[2024-05-08T14:34:51.806+0000] {manager.py:878} INFO - 
================================================================================
DAG File Processing Stats

File Path                       PID    Runtime      # DAGs    # Errors  Last Runtime    Last Run
------------------------------  -----  ---------  --------  ----------  --------------  -------------------
/opt/airflow/dags/test_dags.py                           1           0  0.20s           2024-05-08T14:34:40
================================================================================
[2024-05-08T14:35:22.299+0000] {manager.py:878} INFO - 
================================================================================
DAG File Processing Stats

File Path                       PID    Runtime      # DAGs    # Errors  Last Runtime    Last Run
------------------------------  -----  ---------  --------  ----------  --------------  -------------------
/opt/airflow/dags/test_dags.py                           1           0  0.20s           2024-05-08T14:35:11
================================================================================
[2024-05-08T14:35:52.788+0000] {manager.py:878} INFO - 
================================================================================
DAG File Processing Stats

File Path                       PID    Runtime      # DAGs    # Errors  Last Runtime    Last Run
------------------------------  -----  ---------  --------  ----------  --------------  -------------------
/opt/airflow/dags/test_dags.py                           1           0  0.20s           2024-05-08T14:35:41
================================================================================
[2024-05-08T14:36:23.123+0000] {manager.py:878} INFO - 
================================================================================
DAG File Processing Stats

File Path                       PID    Runtime      # DAGs    # Errors  Last Runtime    Last Run
------------------------------  -----  ---------  --------  ----------  --------------  -------------------
/opt/airflow/dags/test_dags.py                           1           0  0.20s           2024-05-08T14:36:11
================================================================================
[2024-05-08T14:36:36.850+0000] {manager.py:737} INFO - Searching for files in /opt/airflow/dags
[2024-05-08T14:36:36.868+0000] {manager.py:740} INFO - There are 1 files in /opt/airflow/dags
[2024-05-08T14:36:53.772+0000] {manager.py:878} INFO - 
================================================================================
DAG File Processing Stats

File Path                       PID    Runtime      # DAGs    # Errors  Last Runtime    Last Run
------------------------------  -----  ---------  --------  ----------  --------------  -------------------
/opt/airflow/dags/test_dags.py                           1           0  0.20s           2024-05-08T14:36:42
================================================================================
[2024-05-08T14:37:24.463+0000] {manager.py:878} INFO - 
================================================================================
DAG File Processing Stats

File Path                       PID    Runtime      # DAGs    # Errors  Last Runtime    Last Run
------------------------------  -----  ---------  --------  ----------  --------------  -------------------
/opt/airflow/dags/test_dags.py                           1           0  0.20s           2024-05-08T14:37:12
================================================================================
[2024-05-08T14:37:55.141+0000] {manager.py:878} INFO - 
================================================================================
DAG File Processing Stats

File Path                       PID    Runtime      # DAGs    # Errors  Last Runtime    Last Run
------------------------------  -----  ---------  --------  ----------  --------------  -------------------
/opt/airflow/dags/test_dags.py                           1           0  0.20s           2024-05-08T14:37:43
================================================================================
[2024-05-08T14:38:25.848+0000] {manager.py:878} INFO - 
================================================================================
DAG File Processing Stats

File Path                       PID    Runtime      # DAGs    # Errors  Last Runtime    Last Run
------------------------------  -----  ---------  --------  ----------  --------------  -------------------
/opt/airflow/dags/test_dags.py                           1           0  0.20s           2024-05-08T14:38:13
================================================================================
[2024-05-08T14:38:56.549+0000] {manager.py:878} INFO - 
================================================================================
DAG File Processing Stats

File Path                       PID    Runtime      # DAGs    # Errors  Last Runtime    Last Run
------------------------------  -----  ---------  --------  ----------  --------------  -------------------
/opt/airflow/dags/test_dags.py                           1           0  0.20s           2024-05-08T14:38:43
================================================================================
[2024-05-08T14:39:27.229+0000] {manager.py:878} INFO - 
================================================================================
DAG File Processing Stats

File Path                       PID    Runtime      # DAGs    # Errors  Last Runtime    Last Run
------------------------------  -----  ---------  --------  ----------  --------------  -------------------
/opt/airflow/dags/test_dags.py                           1           0  0.20s           2024-05-08T14:39:14
================================================================================
[2024-05-08T14:39:57.900+0000] {manager.py:878} INFO - 
================================================================================
DAG File Processing Stats

File Path                       PID    Runtime      # DAGs    # Errors  Last Runtime    Last Run
------------------------------  -----  ---------  --------  ----------  --------------  -------------------
/opt/airflow/dags/test_dags.py                           1           0  0.20s           2024-05-08T14:39:44
================================================================================
[2024-05-08T14:40:28.557+0000] {manager.py:878} INFO - 
================================================================================
DAG File Processing Stats

File Path                       PID    Runtime      # DAGs    # Errors  Last Runtime    Last Run
------------------------------  -----  ---------  --------  ----------  --------------  -------------------
/opt/airflow/dags/test_dags.py                           1           0  0.30s           2024-05-08T14:40:15
================================================================================
[2024-05-08T14:40:59.136+0000] {manager.py:878} INFO - 
================================================================================
DAG File Processing Stats

File Path                       PID    Runtime      # DAGs    # Errors  Last Runtime    Last Run
------------------------------  -----  ---------  --------  ----------  --------------  -------------------
/opt/airflow/dags/test_dags.py                           1           0  0.21s           2024-05-08T14:40:45
================================================================================
[2024-05-08T14:41:29.772+0000] {manager.py:878} INFO - 
================================================================================
DAG File Processing Stats

File Path                       PID    Runtime      # DAGs    # Errors  Last Runtime    Last Run
------------------------------  -----  ---------  --------  ----------  --------------  -------------------
/opt/airflow/dags/test_dags.py                           1           0  0.21s           2024-05-08T14:41:16
================================================================================
[2024-05-08T14:41:37.514+0000] {manager.py:737} INFO - Searching for files in /opt/airflow/dags
[2024-05-08T14:41:37.531+0000] {manager.py:740} INFO - There are 1 files in /opt/airflow/dags
[2024-05-08T14:42:00.426+0000] {manager.py:878} INFO - 
================================================================================
DAG File Processing Stats

File Path                       PID    Runtime      # DAGs    # Errors  Last Runtime    Last Run
------------------------------  -----  ---------  --------  ----------  --------------  -------------------
/opt/airflow/dags/test_dags.py                           1           0  0.20s           2024-05-08T14:41:46
================================================================================
[2024-05-08T14:42:31.072+0000] {manager.py:878} INFO - 
================================================================================
DAG File Processing Stats

File Path                       PID    Runtime      # DAGs    # Errors  Last Runtime    Last Run
------------------------------  -----  ---------  --------  ----------  --------------  -------------------
/opt/airflow/dags/test_dags.py                           1           0  0.20s           2024-05-08T14:42:17
================================================================================
[2024-05-08T14:43:01.794+0000] {manager.py:878} INFO - 
================================================================================
DAG File Processing Stats

File Path                       PID    Runtime      # DAGs    # Errors  Last Runtime    Last Run
------------------------------  -----  ---------  --------  ----------  --------------  -------------------
/opt/airflow/dags/test_dags.py                           1           0  0.20s           2024-05-08T14:42:47
================================================================================
[2024-05-08T14:43:32.478+0000] {manager.py:878} INFO - 
================================================================================
DAG File Processing Stats

File Path                       PID    Runtime      # DAGs    # Errors  Last Runtime    Last Run
------------------------------  -----  ---------  --------  ----------  --------------  -------------------
/opt/airflow/dags/test_dags.py                           1           0  0.20s           2024-05-08T14:43:18
================================================================================
[2024-05-08T14:44:03.160+0000] {manager.py:878} INFO - 
================================================================================
DAG File Processing Stats

File Path                       PID    Runtime      # DAGs    # Errors  Last Runtime    Last Run
------------------------------  -----  ---------  --------  ----------  --------------  -------------------
/opt/airflow/dags/test_dags.py                           1           0  0.20s           2024-05-08T14:43:48
================================================================================
[2024-05-08T14:44:33.814+0000] {manager.py:878} INFO - 
================================================================================
DAG File Processing Stats

File Path                       PID    Runtime      # DAGs    # Errors  Last Runtime    Last Run
------------------------------  -----  ---------  --------  ----------  --------------  -------------------
/opt/airflow/dags/test_dags.py                           1           0  0.20s           2024-05-08T14:44:18
================================================================================
[2024-05-08T14:45:04.458+0000] {manager.py:878} INFO - 
================================================================================
DAG File Processing Stats

File Path                       PID    Runtime      # DAGs    # Errors  Last Runtime    Last Run
------------------------------  -----  ---------  --------  ----------  --------------  -------------------
/opt/airflow/dags/test_dags.py                           1           0  0.20s           2024-05-08T14:44:49
================================================================================
[2024-05-08T14:45:35.123+0000] {manager.py:878} INFO - 
================================================================================
DAG File Processing Stats

File Path                       PID    Runtime      # DAGs    # Errors  Last Runtime    Last Run
------------------------------  -----  ---------  --------  ----------  --------------  -------------------
/opt/airflow/dags/test_dags.py                           1           0  0.20s           2024-05-08T14:45:19
================================================================================
[2024-05-08T14:46:05.482+0000] {manager.py:878} INFO - 
================================================================================
DAG File Processing Stats

File Path                       PID    Runtime      # DAGs    # Errors  Last Runtime    Last Run
------------------------------  -----  ---------  --------  ----------  --------------  -------------------
/opt/airflow/dags/test_dags.py                           1           0  0.20s           2024-05-08T14:45:50
================================================================================
[2024-05-08T14:46:35.888+0000] {manager.py:878} INFO - 
================================================================================
DAG File Processing Stats

File Path                       PID    Runtime      # DAGs    # Errors  Last Runtime    Last Run
------------------------------  -----  ---------  --------  ----------  --------------  -------------------
/opt/airflow/dags/test_dags.py                           1           0  0.20s           2024-05-08T14:46:20
================================================================================
[2024-05-08T14:46:38.053+0000] {manager.py:737} INFO - Searching for files in /opt/airflow/dags
[2024-05-08T14:46:38.072+0000] {manager.py:740} INFO - There are 1 files in /opt/airflow/dags
[2024-05-08T14:47:06.061+0000] {manager.py:878} INFO - 
================================================================================
DAG File Processing Stats

File Path                       PID    Runtime      # DAGs    # Errors  Last Runtime    Last Run
------------------------------  -----  ---------  --------  ----------  --------------  -------------------
/opt/airflow/dags/test_dags.py                           1           0  0.20s           2024-05-08T14:46:51
================================================================================
[2024-05-08T14:47:36.142+0000] {manager.py:878} INFO - 
================================================================================
DAG File Processing Stats

File Path                       PID    Runtime      # DAGs    # Errors  Last Runtime    Last Run
------------------------------  -----  ---------  --------  ----------  --------------  -------------------
/opt/airflow/dags/test_dags.py                           1           0  0.20s           2024-05-08T14:47:21
================================================================================
[2024-05-08T14:48:06.808+0000] {manager.py:878} INFO - 
================================================================================
DAG File Processing Stats

File Path                       PID    Runtime      # DAGs    # Errors  Last Runtime    Last Run
------------------------------  -----  ---------  --------  ----------  --------------  -------------------
/opt/airflow/dags/test_dags.py                           1           0  0.20s           2024-05-08T14:47:51
================================================================================
[2024-05-08T14:48:37.465+0000] {manager.py:878} INFO - 
================================================================================
DAG File Processing Stats

File Path                       PID    Runtime      # DAGs    # Errors  Last Runtime    Last Run
------------------------------  -----  ---------  --------  ----------  --------------  -------------------
/opt/airflow/dags/test_dags.py                           1           0  0.20s           2024-05-08T14:48:22
================================================================================
[2024-05-08T14:49:07.860+0000] {manager.py:878} INFO - 
================================================================================
DAG File Processing Stats

File Path                       PID    Runtime      # DAGs    # Errors  Last Runtime    Last Run
------------------------------  -----  ---------  --------  ----------  --------------  -------------------
/opt/airflow/dags/test_dags.py                           1           0  0.20s           2024-05-08T14:48:52
================================================================================
[2024-05-08T14:49:38.259+0000] {manager.py:878} INFO - 
================================================================================
DAG File Processing Stats

File Path                       PID    Runtime      # DAGs    # Errors  Last Runtime    Last Run
------------------------------  -----  ---------  --------  ----------  --------------  -------------------
/opt/airflow/dags/test_dags.py                           1           0  0.20s           2024-05-08T14:49:23
================================================================================
[2024-05-08T14:50:08.449+0000] {manager.py:878} INFO - 
================================================================================
DAG File Processing Stats

File Path                       PID    Runtime      # DAGs    # Errors  Last Runtime    Last Run
------------------------------  -----  ---------  --------  ----------  --------------  -------------------
/opt/airflow/dags/test_dags.py                           1           0  0.20s           2024-05-08T14:49:53
================================================================================
[2024-05-08T14:50:39.073+0000] {manager.py:878} INFO - 
================================================================================
DAG File Processing Stats

File Path                       PID    Runtime      # DAGs    # Errors  Last Runtime    Last Run
------------------------------  -----  ---------  --------  ----------  --------------  -------------------
/opt/airflow/dags/test_dags.py                           1           0  0.20s           2024-05-08T14:50:23
================================================================================
[2024-05-08T14:51:09.463+0000] {manager.py:878} INFO - 
================================================================================
DAG File Processing Stats

File Path                       PID    Runtime      # DAGs    # Errors  Last Runtime    Last Run
------------------------------  -----  ---------  --------  ----------  --------------  -------------------
/opt/airflow/dags/test_dags.py                           1           0  0.20s           2024-05-08T14:50:54
================================================================================
[2024-05-08T14:51:38.451+0000] {manager.py:737} INFO - Searching for files in /opt/airflow/dags
[2024-05-08T14:51:38.471+0000] {manager.py:740} INFO - There are 1 files in /opt/airflow/dags
[2024-05-08T14:51:39.585+0000] {manager.py:878} INFO - 
================================================================================
DAG File Processing Stats

File Path                       PID    Runtime      # DAGs    # Errors  Last Runtime    Last Run
------------------------------  -----  ---------  --------  ----------  --------------  -------------------
/opt/airflow/dags/test_dags.py                           1           0  0.20s           2024-05-08T14:51:24
================================================================================
[2024-05-08T14:52:10.203+0000] {manager.py:878} INFO - 
================================================================================
DAG File Processing Stats

File Path                       PID    Runtime      # DAGs    # Errors  Last Runtime    Last Run
------------------------------  -----  ---------  --------  ----------  --------------  -------------------
/opt/airflow/dags/test_dags.py                           1           0  0.20s           2024-05-08T14:51:55
================================================================================
[2024-05-08T14:52:40.597+0000] {manager.py:878} INFO - 
================================================================================
DAG File Processing Stats

File Path                       PID    Runtime      # DAGs    # Errors  Last Runtime    Last Run
------------------------------  -----  ---------  --------  ----------  --------------  -------------------
/opt/airflow/dags/test_dags.py                           1           0  0.20s           2024-05-08T14:52:36
================================================================================
[2024-05-08T14:53:10.801+0000] {manager.py:878} INFO - 
================================================================================
DAG File Processing Stats

File Path                       PID    Runtime      # DAGs    # Errors  Last Runtime    Last Run
------------------------------  -----  ---------  --------  ----------  --------------  -------------------
/opt/airflow/dags/test_dags.py                           1           0  0.20s           2024-05-08T14:52:55
================================================================================
[2024-05-08T14:53:41.185+0000] {manager.py:878} INFO - 
================================================================================
DAG File Processing Stats

File Path                       PID    Runtime      # DAGs    # Errors  Last Runtime    Last Run
------------------------------  -----  ---------  --------  ----------  --------------  -------------------
/opt/airflow/dags/test_dags.py                           1           0  0.20s           2024-05-08T14:53:26
================================================================================
[2024-05-08T14:54:11.596+0000] {manager.py:878} INFO - 
================================================================================
DAG File Processing Stats

File Path                       PID    Runtime      # DAGs    # Errors  Last Runtime    Last Run
------------------------------  -----  ---------  --------  ----------  --------------  -------------------
/opt/airflow/dags/test_dags.py                           1           0  0.20s           2024-05-08T14:53:56
================================================================================
[2024-05-08T14:54:42.040+0000] {manager.py:878} INFO - 
================================================================================
DAG File Processing Stats

File Path                       PID    Runtime      # DAGs    # Errors  Last Runtime    Last Run
------------------------------  -----  ---------  --------  ----------  --------------  -------------------
/opt/airflow/dags/test_dags.py                           1           0  0.20s           2024-05-08T14:54:26
================================================================================
[2024-05-08T14:55:12.266+0000] {manager.py:878} INFO - 
================================================================================
DAG File Processing Stats

File Path                       PID    Runtime      # DAGs    # Errors  Last Runtime    Last Run
------------------------------  -----  ---------  --------  ----------  --------------  -------------------
/opt/airflow/dags/test_dags.py                           1           0  0.20s           2024-05-08T14:54:57
================================================================================
[2024-05-08T14:55:42.337+0000] {manager.py:878} INFO - 
================================================================================
DAG File Processing Stats

File Path                       PID    Runtime      # DAGs    # Errors  Last Runtime    Last Run
------------------------------  -----  ---------  --------  ----------  --------------  -------------------
/opt/airflow/dags/test_dags.py                           1           0  0.20s           2024-05-08T14:55:27
================================================================================
[2024-05-08T14:56:12.979+0000] {manager.py:878} INFO - 
================================================================================
DAG File Processing Stats

File Path                       PID    Runtime      # DAGs    # Errors  Last Runtime    Last Run
------------------------------  -----  ---------  --------  ----------  --------------  -------------------
/opt/airflow/dags/test_dags.py                           1           0  0.20s           2024-05-08T14:55:57
================================================================================
[2024-05-08T14:56:39.310+0000] {manager.py:737} INFO - Searching for files in /opt/airflow/dags
[2024-05-08T14:56:39.329+0000] {manager.py:740} INFO - There are 1 files in /opt/airflow/dags
[2024-05-08T14:56:43.362+0000] {manager.py:878} INFO - 
================================================================================
DAG File Processing Stats

File Path                       PID    Runtime      # DAGs    # Errors  Last Runtime    Last Run
------------------------------  -----  ---------  --------  ----------  --------------  -------------------
/opt/airflow/dags/test_dags.py                           1           0  0.20s           2024-05-08T14:56:28
================================================================================
[2024-05-08T14:57:13.984+0000] {manager.py:878} INFO - 
================================================================================
DAG File Processing Stats

File Path                       PID    Runtime      # DAGs    # Errors  Last Runtime    Last Run
------------------------------  -----  ---------  --------  ----------  --------------  -------------------
/opt/airflow/dags/test_dags.py                           1           0  0.20s           2024-05-08T14:56:58
================================================================================
[2024-05-08T14:57:44.095+0000] {manager.py:878} INFO - 
================================================================================
DAG File Processing Stats

File Path                       PID    Runtime      # DAGs    # Errors  Last Runtime    Last Run
------------------------------  -----  ---------  --------  ----------  --------------  -------------------
/opt/airflow/dags/test_dags.py                           1           0  0.20s           2024-05-08T14:57:29
================================================================================
[2024-05-08T14:58:14.481+0000] {manager.py:878} INFO - 
================================================================================
DAG File Processing Stats

File Path                       PID    Runtime      # DAGs    # Errors  Last Runtime    Last Run
------------------------------  -----  ---------  --------  ----------  --------------  -------------------
/opt/airflow/dags/test_dags.py                           1           0  0.20s           2024-05-08T14:57:59
================================================================================
[2024-05-08T14:58:44.859+0000] {manager.py:878} INFO - 
================================================================================
DAG File Processing Stats

File Path                       PID    Runtime      # DAGs    # Errors  Last Runtime    Last Run
------------------------------  -----  ---------  --------  ----------  --------------  -------------------
/opt/airflow/dags/test_dags.py                           1           0  0.20s           2024-05-08T14:58:29
================================================================================
[2024-05-08T14:59:15.184+0000] {manager.py:878} INFO - 
================================================================================
DAG File Processing Stats

File Path                       PID    Runtime      # DAGs    # Errors  Last Runtime    Last Run
------------------------------  -----  ---------  --------  ----------  --------------  -------------------
/opt/airflow/dags/test_dags.py                           1           0  0.20s           2024-05-08T14:59:00
================================================================================
[2024-05-08T14:59:45.294+0000] {manager.py:878} INFO - 
================================================================================
DAG File Processing Stats

File Path                       PID    Runtime      # DAGs    # Errors  Last Runtime    Last Run
------------------------------  -----  ---------  --------  ----------  --------------  -------------------
/opt/airflow/dags/test_dags.py                           1           0  0.20s           2024-05-08T14:59:30
================================================================================
[2024-05-08T15:00:15.802+0000] {manager.py:878} INFO - 
================================================================================
DAG File Processing Stats

File Path                       PID    Runtime      # DAGs    # Errors  Last Runtime    Last Run
------------------------------  -----  ---------  --------  ----------  --------------  -------------------
/opt/airflow/dags/test_dags.py                           1           0  0.20s           2024-05-08T15:00:01
================================================================================
[2024-05-08T15:00:45.924+0000] {manager.py:878} INFO - 
================================================================================
DAG File Processing Stats

File Path                       PID    Runtime      # DAGs    # Errors  Last Runtime    Last Run
------------------------------  -----  ---------  --------  ----------  --------------  -------------------
/opt/airflow/dags/test_dags.py                           1           0  0.20s           2024-05-08T15:00:31
================================================================================
[2024-05-08T15:01:16.973+0000] {manager.py:878} INFO - 
================================================================================
DAG File Processing Stats

File Path                       PID    Runtime      # DAGs    # Errors  Last Runtime    Last Run
------------------------------  -----  ---------  --------  ----------  --------------  -------------------
/opt/airflow/dags/test_dags.py                           1           0  0.20s           2024-05-08T15:01:01
================================================================================
[2024-05-08T15:01:40.393+0000] {manager.py:737} INFO - Searching for files in /opt/airflow/dags
[2024-05-08T15:01:40.413+0000] {manager.py:740} INFO - There are 1 files in /opt/airflow/dags
[2024-05-08T15:01:47.104+0000] {manager.py:878} INFO - 
================================================================================
DAG File Processing Stats

File Path                       PID    Runtime      # DAGs    # Errors  Last Runtime    Last Run
------------------------------  -----  ---------  --------  ----------  --------------  -------------------
/opt/airflow/dags/test_dags.py                           1           0  0.20s           2024-05-08T15:01:32
================================================================================
[2024-05-08T15:02:17.267+0000] {manager.py:878} INFO - 
================================================================================
DAG File Processing Stats

File Path                       PID    Runtime      # DAGs    # Errors  Last Runtime    Last Run
------------------------------  -----  ---------  --------  ----------  --------------  -------------------
/opt/airflow/dags/test_dags.py                           1           0  0.20s           2024-05-08T15:02:02
================================================================================
[2024-05-08T15:02:48.198+0000] {manager.py:878} INFO - 
================================================================================
DAG File Processing Stats

File Path                       PID    Runtime      # DAGs    # Errors  Last Runtime    Last Run
------------------------------  -----  ---------  --------  ----------  --------------  -------------------
/opt/airflow/dags/test_dags.py                           1           0  0.20s           2024-05-08T15:02:33
================================================================================
[2024-05-08T15:03:18.606+0000] {manager.py:878} INFO - 
================================================================================
DAG File Processing Stats

File Path                       PID    Runtime      # DAGs    # Errors  Last Runtime    Last Run
------------------------------  -----  ---------  --------  ----------  --------------  -------------------
/opt/airflow/dags/test_dags.py                           1           0  0.20s           2024-05-08T15:03:03
================================================================================
[2024-05-08T15:03:49.038+0000] {manager.py:878} INFO - 
================================================================================
DAG File Processing Stats

File Path                       PID    Runtime      # DAGs    # Errors  Last Runtime    Last Run
------------------------------  -----  ---------  --------  ----------  --------------  -------------------
/opt/airflow/dags/test_dags.py                           1           0  0.20s           2024-05-08T15:03:33
================================================================================
[2024-05-08T15:04:19.440+0000] {manager.py:878} INFO - 
================================================================================
DAG File Processing Stats

File Path                       PID    Runtime      # DAGs    # Errors  Last Runtime    Last Run
------------------------------  -----  ---------  --------  ----------  --------------  -------------------
/opt/airflow/dags/test_dags.py                           1           0  0.20s           2024-05-08T15:04:04
================================================================================
[2024-05-08T15:04:49.667+0000] {manager.py:878} INFO - 
================================================================================
DAG File Processing Stats

File Path                       PID    Runtime      # DAGs    # Errors  Last Runtime    Last Run
------------------------------  -----  ---------  --------  ----------  --------------  -------------------
/opt/airflow/dags/test_dags.py                           1           0  0.20s           2024-05-08T15:04:34
================================================================================
[2024-05-08T15:05:20.127+0000] {manager.py:878} INFO - 
================================================================================
DAG File Processing Stats

File Path                       PID    Runtime      # DAGs    # Errors  Last Runtime    Last Run
------------------------------  -----  ---------  --------  ----------  --------------  -------------------
/opt/airflow/dags/test_dags.py                           1           0  0.20s           2024-05-08T15:05:05
================================================================================
[2024-05-08T15:05:50.513+0000] {manager.py:878} INFO - 
================================================================================
DAG File Processing Stats

File Path                       PID    Runtime      # DAGs    # Errors  Last Runtime    Last Run
------------------------------  -----  ---------  --------  ----------  --------------  -------------------
/opt/airflow/dags/test_dags.py                           1           0  0.20s           2024-05-08T15:05:35
================================================================================
[2024-05-08T15:06:20.727+0000] {manager.py:878} INFO - 
================================================================================
DAG File Processing Stats

File Path                       PID    Runtime      # DAGs    # Errors  Last Runtime    Last Run
------------------------------  -----  ---------  --------  ----------  --------------  -------------------
/opt/airflow/dags/test_dags.py                           1           0  0.20s           2024-05-08T15:06:05
================================================================================
[2024-05-08T15:06:40.608+0000] {manager.py:737} INFO - Searching for files in /opt/airflow/dags
[2024-05-08T15:06:40.625+0000] {manager.py:740} INFO - There are 1 files in /opt/airflow/dags
[2024-05-08T15:06:50.853+0000] {manager.py:878} INFO - 
================================================================================
DAG File Processing Stats

File Path                       PID    Runtime      # DAGs    # Errors  Last Runtime    Last Run
------------------------------  -----  ---------  --------  ----------  --------------  -------------------
/opt/airflow/dags/test_dags.py                           1           0  0.20s           2024-05-08T15:06:36
================================================================================
[2024-05-08T15:07:21.532+0000] {manager.py:878} INFO - 
================================================================================
DAG File Processing Stats

File Path                       PID    Runtime      # DAGs    # Errors  Last Runtime    Last Run
------------------------------  -----  ---------  --------  ----------  --------------  -------------------
/opt/airflow/dags/test_dags.py                           1           0  0.20s           2024-05-08T15:07:06
================================================================================
[2024-05-08T15:07:51.962+0000] {manager.py:878} INFO - 
================================================================================
DAG File Processing Stats

File Path                       PID    Runtime      # DAGs    # Errors  Last Runtime    Last Run
------------------------------  -----  ---------  --------  ----------  --------------  -------------------
/opt/airflow/dags/test_dags.py                           1           0  0.20s           2024-05-08T15:07:36
================================================================================
[2024-05-08T15:08:22.403+0000] {manager.py:878} INFO - 
================================================================================
DAG File Processing Stats

File Path                       PID    Runtime      # DAGs    # Errors  Last Runtime    Last Run
------------------------------  -----  ---------  --------  ----------  --------------  -------------------
/opt/airflow/dags/test_dags.py                           1           0  0.20s           2024-05-08T15:08:07
================================================================================
[2024-05-08T15:08:52.646+0000] {manager.py:878} INFO - 
================================================================================
DAG File Processing Stats

File Path                       PID    Runtime      # DAGs    # Errors  Last Runtime    Last Run
------------------------------  -----  ---------  --------  ----------  --------------  -------------------
/opt/airflow/dags/test_dags.py                           1           0  0.20s           2024-05-08T15:08:37
================================================================================
[2024-05-08T15:09:23.217+0000] {manager.py:878} INFO - 
================================================================================
DAG File Processing Stats

File Path                       PID    Runtime      # DAGs    # Errors  Last Runtime    Last Run
------------------------------  -----  ---------  --------  ----------  --------------  -------------------
/opt/airflow/dags/test_dags.py                           1           0  0.20s           2024-05-08T15:09:08
================================================================================
[2024-05-08T15:09:53.600+0000] {manager.py:878} INFO - 
================================================================================
DAG File Processing Stats

File Path                       PID    Runtime      # DAGs    # Errors  Last Runtime    Last Run
------------------------------  -----  ---------  --------  ----------  --------------  -------------------
/opt/airflow/dags/test_dags.py                           1           0  0.20s           2024-05-08T15:09:38
================================================================================
[2024-05-08T15:10:24.004+0000] {manager.py:878} INFO - 
================================================================================
DAG File Processing Stats

File Path                       PID    Runtime      # DAGs    # Errors  Last Runtime    Last Run
------------------------------  -----  ---------  --------  ----------  --------------  -------------------
/opt/airflow/dags/test_dags.py                           1           0  0.20s           2024-05-08T15:10:08
================================================================================
[2024-05-08T15:10:54.215+0000] {manager.py:878} INFO - 
================================================================================
DAG File Processing Stats

File Path                       PID    Runtime      # DAGs    # Errors  Last Runtime    Last Run
------------------------------  -----  ---------  --------  ----------  --------------  -------------------
/opt/airflow/dags/test_dags.py                           1           0  0.20s           2024-05-08T15:10:39
================================================================================
[2024-05-08T15:11:24.807+0000] {manager.py:878} INFO - 
================================================================================
DAG File Processing Stats

File Path                       PID    Runtime      # DAGs    # Errors  Last Runtime    Last Run
------------------------------  -----  ---------  --------  ----------  --------------  -------------------
/opt/airflow/dags/test_dags.py                           1           0  0.20s           2024-05-08T15:11:09
================================================================================
[2024-05-08T15:11:41.219+0000] {manager.py:737} INFO - Searching for files in /opt/airflow/dags
[2024-05-08T15:11:41.238+0000] {manager.py:740} INFO - There are 1 files in /opt/airflow/dags
[2024-05-08T15:11:55.212+0000] {manager.py:878} INFO - 
================================================================================
DAG File Processing Stats

File Path                       PID    Runtime      # DAGs    # Errors  Last Runtime    Last Run
------------------------------  -----  ---------  --------  ----------  --------------  -------------------
/opt/airflow/dags/test_dags.py                           1           0  0.20s           2024-05-08T15:11:40
================================================================================
[2024-05-08T15:12:25.306+0000] {manager.py:878} INFO - 
================================================================================
DAG File Processing Stats

File Path                       PID    Runtime      # DAGs    # Errors  Last Runtime    Last Run
------------------------------  -----  ---------  --------  ----------  --------------  -------------------
/opt/airflow/dags/test_dags.py                           1           0  0.20s           2024-05-08T15:12:10
================================================================================
[2024-05-08T15:12:55.990+0000] {manager.py:878} INFO - 
================================================================================
DAG File Processing Stats

File Path                       PID    Runtime      # DAGs    # Errors  Last Runtime    Last Run
------------------------------  -----  ---------  --------  ----------  --------------  -------------------
/opt/airflow/dags/test_dags.py                           1           0  0.30s           2024-05-08T15:12:40
================================================================================
[2024-05-08T15:13:26.497+0000] {manager.py:878} INFO - 
================================================================================
DAG File Processing Stats

File Path                       PID    Runtime      # DAGs    # Errors  Last Runtime    Last Run
------------------------------  -----  ---------  --------  ----------  --------------  -------------------
/opt/airflow/dags/test_dags.py                           1           0  0.30s           2024-05-08T15:13:11
================================================================================
